This is pdfeTeX, Version 3.141592-1.30.4-2.2 (Web2C 7.5.5) (format=pdflatex 2006.3.3)  12 JUL 2006 11:16
entering extended mode
\write18 enabled.
**boustrophodonic_ALFA.tex
(./boustrophodonic_ALFA.tex
LaTeX2e <2003/12/01>
Babel <v3.8d> and hyphenation patterns for american, french, german, ngerman, d
utch, italian, norsk, portuges, spanish, swedish, nohyphenation, loaded.
(/usr/local/teTeX/share/texmf.tetex/tex/latex/base/latex209.def
File: latex209.def 1998/05/13 v0.52 Standard LaTeX file


          Entering LaTeX 2.09 COMPATIBILITY MODE
 *************************************************************
    !!WARNING!!    !!WARNING!!    !!WARNING!!    !!WARNING!!   
 
 This mode attempts to provide an emulation of the LaTeX 2.09
 author environment so that OLD documents can be successfully
 processed. It should NOT be used for NEW documents!
 
 New documents should use Standard LaTeX conventions and start
 with the \documentclass command.
 
 Compatibility mode is UNLIKELY TO WORK with LaTeX 2.09 style
 files that change any internal macros, especially not with
 those that change the FONT SELECTION or OUTPUT ROUTINES.
 
 Therefore such style files MUST BE UPDATED to use
          Current Standard LaTeX: LaTeX2e.
 If you suspect that you may be using such a style file, which
 is probably very, very old by now, then you should attempt to
 get it updated by sending a copy of this error message to the
 author of that file.
 *************************************************************

\footheight=\dimen102
\@maxsep=\dimen103
\@dblmaxsep=\dimen104
\@cla=\count79
\@clb=\count80
\mscount=\count81
(/usr/local/teTeX/share/texmf.tetex/tex/latex/base/tracefnt.sty
Package: tracefnt 1997/05/29 v3.0j Standard LaTeX package (font tracing)
\tracingfonts=\count82
LaTeX Info: Redefining \selectfont on input line 101.
)
\symbold=\mathgroup4
\symsans=\mathgroup5
\symtypewriter=\mathgroup6
\symitalic=\mathgroup7
\symsmallcaps=\mathgroup8
\symslanted=\mathgroup9
LaTeX Font Info:    Redeclaring math alphabet \mathbf on input line 293.
LaTeX Font Info:    Redeclaring math alphabet \mathsf on input line 294.
LaTeX Font Info:    Redeclaring math alphabet \mathtt on input line 295.
LaTeX Font Info:    Redeclaring math alphabet \mathit on input line 301.
LaTeX Info: Redefining \em on input line 311.

(/usr/local/teTeX/share/texmf.tetex/tex/latex/base/latexsym.sty
Package: latexsym 1998/08/17 v2.2e Standard LaTeX package (lasy symbols)
\symlasy=\mathgroup10
LaTeX Font Info:    Overwriting symbol font `lasy' in version `bold'
(Font)                  U/lasy/m/n --> U/lasy/b/n on input line 47.
)
LaTeX Font Info:    Redeclaring math delimiter \lgroup on input line 375.
LaTeX Font Info:    Redeclaring math delimiter \rgroup on input line 377.
LaTeX Font Info:    Redeclaring math delimiter \bracevert on input line 379.

(/usr/local/teTeX/share/texmf.tetex/tex/latex/base/latex209.cfg
File: latex209.cfg 2001/06/05 v1.0 teTeX customized LaTeX 2.09 compatibility mo
de setup
)
(/usr/local/teTeX/share/texmf.tetex/tex/latex/tools/rawfonts.sty
Package: rawfonts 1994/05/08 Low-level LaTeX 2.09 font compatibility

(/usr/local/teTeX/share/texmf.tetex/tex/latex/tools/somedefs.sty
Package: somedefs 1994/06/01 v0.03 Toolkit for optional definitions
)
LaTeX Font Info:    Try loading font information for U+lasy on input line 44.

(/usr/local/teTeX/share/texmf.tetex/tex/latex/base/ulasy.fd
File: ulasy.fd 1998/08/17 v2.2e LaTeX symbol font definitions
)))
(/usr/local/teTeX/share/texmf.tetex/tex/latex/base/article.cls
Document Class: article 2004/02/16 v1.4f Standard LaTeX document class
(/usr/local/teTeX/share/texmf.tetex/tex/latex/base/size12.clo
File: size12.clo 2004/02/16 v1.4f Standard LaTeX file (size option)
)
\c@part=\count83
\c@section=\count84
\c@subsection=\count85
\c@subsubsection=\count86
\c@paragraph=\count87
\c@subparagraph=\count88
\c@figure=\count89
\c@table=\count90
\abovecaptionskip=\skip41
\belowcaptionskip=\skip42
Compatibility mode: definition of \rm ignored.
Compatibility mode: definition of \sf ignored.
Compatibility mode: definition of \tt ignored.
Compatibility mode: definition of \bf ignored.
Compatibility mode: definition of \it ignored.
Compatibility mode: definition of \sl ignored.
Compatibility mode: definition of \sc ignored.
LaTeX Info: Redefining \cal on input line 506.
LaTeX Info: Redefining \mit on input line 507.
\bibindent=\dimen105
)
(/usr/local/teTeX/share/texmf.tetex/tex/generic/epsf/epsf.tex
This is `epsf.tex' v2.7k <10 July 1997>
\epsffilein=\read1
\epsfframemargin=\dimen106
\epsfframethickness=\dimen107
\epsfrsize=\dimen108
\epsftmp=\dimen109
\epsftsize=\dimen110
\epsfxsize=\dimen111
\epsfysize=\dimen112
\pspoints=\dimen113
\epsfnoopenhelp=\toks14
) (./boustrophodonic_ALFA.aux)
\openout1 = `boustrophodonic_ALFA.aux'.

LaTeX Font Info:    Checking defaults for OML/cmm/m/it on input line 16.
LaTeX Font Info:    ... okay on input line 16.
LaTeX Font Info:    Checking defaults for T1/cmr/m/n on input line 16.
LaTeX Font Info:    ... okay on input line 16.
LaTeX Font Info:    Checking defaults for OT1/cmr/m/n on input line 16.
LaTeX Font Info:    ... okay on input line 16.
LaTeX Font Info:    Checking defaults for OMS/cmsy/m/n on input line 16.
LaTeX Font Info:    ... okay on input line 16.
LaTeX Font Info:    Checking defaults for OMX/cmex/m/n on input line 16.
LaTeX Font Info:    ... okay on input line 16.
LaTeX Font Info:    Checking defaults for U/cmr/m/n on input line 16.
LaTeX Font Info:    ... okay on input line 16.
LaTeX Font Info:    External font `cmex10' loaded for size
(Font)              <12> on input line 28.
LaTeX Font Info:    External font `cmex10' loaded for size
(Font)              <8> on input line 28.
LaTeX Font Info:    External font `cmex10' loaded for size
(Font)              <6> on input line 28.
 [1{/usr/local/teTeX/share/texmf.local/fonts/map/pdftex/updmap/pdftex.map}

]
Underfull \hbox (badness 10000) in paragraph at lines 51--52

 []


Underfull \hbox (badness 10000) in paragraph at lines 63--64

 []


Overfull \hbox (25.16026pt too wide) in paragraph at lines 70--71
[] \OT1/cmtt/m/n/12 SMARTFREQ freqs=1441.01123047 1443.74560547 1443.94091797 1
444.52685547 1445.69873047
 []


Underfull \hbox (badness 10000) in paragraph at lines 70--71

 []

[2]
Underfull \hbox (badness 10000) in paragraph at lines 72--82

 []

[3]
LaTeX Font Info:    External font `cmex10' loaded for size
(Font)              <7> on input line 163.
LaTeX Font Info:    External font `cmex10' loaded for size
(Font)              <5> on input line 163.
 [4] [5] (./boustrophodonic_ALFA.aux) ) 
Here is how much of TeX's memory you used:
 595 strings out of 95137
 7311 string characters out of 1183014
 2048657 words of memory out of 4503492
 3761 multiletter control sequences out of 10000+50000
 26011 words of font info for 96 fonts, out of 2000000 for 2000
 58 hyphenation exceptions out of 5000
 25i,6n,22p,1303b,289s stack positions out of 5000i,500n,6000p,200000b,40000s
PDF statistics:
 52 PDF objects out of 300000
 0 named destinations out of 131072
 1 words of extra memory for PDF output out of 10000
</usr/local/teTeX/share/texmf.tetex/font
s/type1/bluesky/cm/cmbx10.pfb></usr/local/teTeX/share/texmf.tetex/fonts/type1/b
luesky/cm/cmti10.pfb></usr/local/teTeX/share/texmf.tetex/fonts/type1/bluesky/cm
/cmr10.pfb></usr/local/teTeX/share/texmf.tetex/fonts/type1/bluesky/cm/cmr7.pfb>
</usr/local/teTeX/share/texmf.tetex/fonts/type1/bluesky/cm/cmr8.pfb></usr/local
/teTeX/share/texmf.tetex/fonts/type1/bluesky/cm/cmtt12.pfb></usr/local/teTeX/sh
are/texmf.tetex/fonts/type1/bluesky/cm/cmmi12.pfb></usr/local/teTeX/share/texmf
.tetex/fonts/type1/bluesky/cm/cmti12.pfb></usr/local/teTeX/share/texmf.tetex/fo
nts/type1/bluesky/cm/cmsy10.pfb></usr/local/teTeX/share/texmf.tetex/fonts/type1
/bluesky/cm/cmmi8.pfb></usr/local/teTeX/share/texmf.tetex/fonts/type1/bluesky/c
m/cmbx12.pfb></usr/local/teTeX/share/texmf.tetex/fonts/type1/bluesky/cm/cmr12.p
fb>
Output written on boustrophodonic_ALFA.pdf (5 pages, 92451 bytes).
