This is TeX, Version 3.14159 (Web2C 7.3.1) (format=latex 2002.8.29)  27 OCT 2005 19:22
**fixedpattern
(fixedpattern.tex
LaTeX2e <2000/06/01>
Babel <v3.7h> and hyphenation patterns for american, french, german, ngerman, i
talian, nohyphenation, loaded.
(aastex.cls
Document Class: aastex 1999/11/30 5.0b9/CB/AO AAS markup document class
Class aastex Info: Original \LaTeX2.09 style by Chris Biemesderfer (chris@seago
at.com). Adapted to \LaTeXe by A. Ogawa (ogawa@teleport.com) on input line 73.
(/usr/share/texmf/tex/latex/base/article.cls
Document Class: article 2000/05/19 v1.4b Standard LaTeX document class
(/usr/share/texmf/tex/latex/base/size11.clo
File: size11.clo 2000/05/19 v1.4b Standard LaTeX file (size option)
)
\c@part=\count79
\c@section=\count80
\c@subsection=\count81
\c@subsubsection=\count82
\c@paragraph=\count83
\c@subparagraph=\count84
\c@figure=\count85
\c@table=\count86
\abovecaptionskip=\skip41
\belowcaptionskip=\skip42
\bibindent=\dimen102
)
(/usr/share/texmf/tex/latex/base/latexsym.sty
Package: latexsym 1998/08/17 v2.2e Standard LaTeX package (lasy symbols)
\symlasy=\mathgroup4
LaTeX Font Info:    Overwriting symbol font `lasy' in version `bold'
(Font)                  U/lasy/m/n --> U/lasy/b/n on input line 42.
)
(/usr/share/texmf/tex/latex/graphics/graphicx.sty
Package: graphicx 1999/02/16 v1.0f Enhanced LaTeX Graphics (DPC,SPQR)

(/usr/share/texmf/tex/latex/graphics/keyval.sty
Package: keyval 1999/03/16 v1.13 key=value parser (DPC)
\KV@toks@=\toks14
)
(/usr/share/texmf/tex/latex/graphics/graphics.sty
Package: graphics 1999/02/16 v1.0l Standard LaTeX Graphics (DPC,SPQR)

(/usr/share/texmf/tex/latex/graphics/trig.sty
Package: trig 1999/03/16 v1.09 sin cos tan (DPC)
)
(/usr/share/texmf/tex/latex/config/graphics.cfg)
Package graphics Info: Driver file: dvips.def on input line 80.

(/usr/share/texmf/tex/latex/graphics/dvips.def
File: dvips.def 1999/02/16 v3.0i Driver-dependant file (DPC,SPQR)
))
\Gin@req@height=\dimen103
\Gin@req@width=\dimen104
)
(/usr/share/texmf/tex/latex/amsfonts/amssymb.sty
Package: amssymb 1996/11/03 v2.2b

(/usr/share/texmf/tex/latex/amsfonts/amsfonts.sty
Package: amsfonts 1997/09/17 v2.2e
\@emptytoks=\toks15
\symAMSa=\mathgroup5
\symAMSb=\mathgroup6
LaTeX Font Info:    Overwriting math alphabet `\mathfrak' in version `bold'
(Font)                  U/euf/m/n --> U/euf/b/n on input line 133.
))
(/usr/share/texmf/tex/latex/natbib/natbib.sty
Package: natbib 1999/05/28 7.0 (PWD)
\bibhang=\skip43
\bibsep=\skip44
LaTeX Info: Redefining \cite on input line 508.
\c@NAT@ctr=\count87
)
(/usr/share/texmf/tex/latex/tools/verbatim.sty
Package: verbatim 2000/08/23 v1.5o LaTeX2e package for verbatim enhancements
\every@verbatim=\toks16
\verbatim@line=\toks17
\verbatim@in@stream=\read1
)
\@slugcmmntwidth=\dimen105
\abstract@box=\box26
\c@editornote=\count88
\c@cureqno=\count89
\pt@box=\box27
\pt@width=\dimen106
\pt@line=\count90
\pt@column=\count91
\pt@nlines=\count92
\pt@ncol=\count93
\pt@page=\count94
\pt@tmpcapwidth=\dimen107
\c@plate=\count95
)

LaTeX Warning: Unused global option(s):
    [psfig].

(fixedpattern.aux)
\openout1 = `fixedpattern.aux'.

LaTeX Font Info:    Checking defaults for OML/cmm/m/it on input line 3.
LaTeX Font Info:    ... okay on input line 3.
LaTeX Font Info:    Checking defaults for T1/cmr/m/n on input line 3.
LaTeX Font Info:    ... okay on input line 3.
LaTeX Font Info:    Checking defaults for OT1/cmr/m/n on input line 3.
LaTeX Font Info:    ... okay on input line 3.
LaTeX Font Info:    Checking defaults for OMS/cmsy/m/n on input line 3.
LaTeX Font Info:    ... okay on input line 3.
LaTeX Font Info:    Checking defaults for OMX/cmex/m/n on input line 3.
LaTeX Font Info:    ... okay on input line 3.
LaTeX Font Info:    Checking defaults for U/cmr/m/n on input line 3.
LaTeX Font Info:    ... okay on input line 3.

AAS preprint substyle, v5.0 <25 Sep 98>.
(fixedpattern.toc
LaTeX Font Info:    Try loading font information for U+lasy on input line 9.
 (/usr/share/texmf/tex/latex/base/ulasy.fd
File: ulasy.fd 1998/08/17 v2.2eLaTeX symbol font definitions
)
LaTeX Font Info:    Try loading font information for U+msa on input line 9.

(/usr/share/texmf/tex/latex/amsfonts/umsa.fd
File: umsa.fd 1995/01/05 v2.2e AMS font definitions
)
LaTeX Font Info:    Try loading font information for U+msb on input line 9.

(/usr/share/texmf/tex/latex/amsfonts/umsb.fd
File: umsb.fd 1995/01/05 v2.2e AMS font definitions
))
\tf@toc=\write3
\openout3 = `fixedpattern.toc'.

 [1

]
LaTeX Font Info:    Try loading font information for OMS+cmr on input line 36.

(/usr/share/texmf/tex/latex/base/omscmr.fd
File: omscmr.fd 1999/05/25 v2.5h Standard LaTeX font definitions
)
LaTeX Font Info:    Font shape `OMS/cmr/m/n' in size <10.95> not available
(Font)              Font shape `OMS/cmsy/m/n' tried instead on input line 36.
File: rcvrplot0.ps Graphic file (type eps)
 <rcvrplot0.ps>
File: rcvrplot1.ps Graphic file (type eps)
 <rcvrplot1.ps>

LaTeX Warning: Float too large for page by 25.5687pt on input line 77.

File: rcvrplot10.ps Graphic file (type eps)
<rcvrplot10.ps>
File: rcvrplot11.ps Graphic file (type eps)
 <rcvrplot11.ps>

LaTeX Warning: Float too large for page by 25.5687pt on input line 87.

File: beamplot0.ps Graphic file (type eps)
<beamplot0.ps>
File: beamplot5.ps Graphic file (type eps)
 <beamplot5.ps>

LaTeX Warning: Float too large for page by 25.5687pt on input line 97.

[2

] [3] [4] [5] [6]
File: quickfig.ps Graphic file (type eps)
 <quickfig.ps>

LaTeX Warning: Float too large for page by 16.52138pt on input line 185.

File: ccfplot.ps Graphic file (type eps)
<ccfplot.ps>

LaTeX Warning: Float too large for page by 31.48146pt on input line 228.

[7] [8]
File: ccfplot_ft.ps Graphic file (type eps)
 <ccfplot_ft.ps>

LaTeX Warning: Float too large for page by 1.5613pt on input line 238.

File: platform11.ps Graphic file (type eps)
<platform11.ps>

LaTeX Warning: Float too large for page by 31.48146pt on input line 297.

File: platform9.ps Graphic file (type eps)
<platform9.ps>

LaTeX Warning: Float too large for page by 31.48146pt on input line 307.

[9] [10] [11] [12] [13]
File: platform_ft11.ps Graphic file (type eps)
 <platform_ft11.ps>

LaTeX Warning: Float too large for page by 31.48146pt on input line 341.

File: platform_ft9.ps Graphic file (type eps)
<platform_ft9.ps>

LaTeX Warning: Float too large for page by 44.31238pt on input line 352.

[14] [15] [16]
File: zmmplot0.ps Graphic file (type eps)
 <zmmplot0.ps>
File: zmmplot5.ps Graphic file (type eps)
 <zmmplot5.ps>

LaTeX Warning: Float too large for page by 40.52878pt on input line 401.

File: zammplot_ft0.ps Graphic file (type eps)
<zammplot_ft0.ps>

LaTeX Warning: Float too large for page by 31.48146pt on input line 418.

File: zammplot_ft6.ps Graphic file (type eps)
<zammplot_ft6.ps>

LaTeX Warning: Float too large for page by 31.48146pt on input line 429.

File: azmmplot0.ps Graphic file (type eps)
<azmmplot0.ps>
File: azmmplot5.ps Graphic file (type eps)
 <azmmplot5.ps>

LaTeX Warning: Float too large for page by 55.48886pt on input line 453.

File: azmmplot_ft.ps Graphic file (type eps)
<azmmplot_ft.ps>

LaTeX Warning: Float too large for page by 31.48146pt on input line 464.

[17] [18] [19] [20] [21] [22] [23] (fixedpattern.aux) ) 
Here is how much of TeX's memory you used:
 1694 strings out of 20887
 18301 string characters out of 196241
 66839 words of memory out of 350001
 4620 multiletter control sequences out of 10000+15000
 12285 words of font info for 50 fonts, out of 400000 for 1000
 14 hyphenation exceptions out of 10000
 32i,8n,26p,416b,342s stack positions out of 3000i,100n,1500p,50000b,4000s

Output written on fixedpattern.dvi (23 pages, 32372 bytes).
