This is pdfeTeX, Version 3.141592-1.30.4-2.2 (Web2C 7.5.5) (format=pdflatex 2006.3.3)  11 FEB 2014 08:43
entering extended mode
\write18 enabled.
**gsrinit_blackbelt.tex
(./gsrinit_blackbelt.tex
LaTeX2e <2003/12/01>
Babel <v3.8d> and hyphenation patterns for american, french, german, ngerman, d
utch, italian, norsk, portuges, spanish, swedish, nohyphenation, loaded.
(./aastex.cls
Document Class: aastex 1999/11/30 5.0b9/CB/AO AAS markup document class
Class aastex Info: Original \LaTeX2.09 style by Chris Biemesderfer (chris@seago
at.com). Adapted to \LaTeXe by A. Ogawa (ogawa@teleport.com) on input line 73.
(/usr/local/teTeX/share/texmf.tetex/tex/latex/base/article.cls
Document Class: article 2004/02/16 v1.4f Standard LaTeX document class
(/usr/local/teTeX/share/texmf.tetex/tex/latex/base/size11.clo
File: size11.clo 2004/02/16 v1.4f Standard LaTeX file (size option)
)
\c@part=\count79
\c@section=\count80
\c@subsection=\count81
\c@subsubsection=\count82
\c@paragraph=\count83
\c@subparagraph=\count84
\c@figure=\count85
\c@table=\count86
\abovecaptionskip=\skip41
\belowcaptionskip=\skip42
\bibindent=\dimen102
)
(/usr/local/teTeX/share/texmf.tetex/tex/latex/base/latexsym.sty
Package: latexsym 1998/08/17 v2.2e Standard LaTeX package (lasy symbols)
\symlasy=\mathgroup4
LaTeX Font Info:    Overwriting symbol font `lasy' in version `bold'
(Font)                  U/lasy/m/n --> U/lasy/b/n on input line 47.
)
(/usr/local/teTeX/share/texmf.tetex/tex/latex/graphics/graphicx.sty
Package: graphicx 1999/02/16 v1.0f Enhanced LaTeX Graphics (DPC,SPQR)

(/usr/local/teTeX/share/texmf.tetex/tex/latex/graphics/keyval.sty
Package: keyval 1999/03/16 v1.13 key=value parser (DPC)
\KV@toks@=\toks14
)
(/usr/local/teTeX/share/texmf.tetex/tex/latex/graphics/graphics.sty
Package: graphics 2001/07/07 v1.0n Standard LaTeX Graphics (DPC,SPQR)

(/usr/local/teTeX/share/texmf.tetex/tex/latex/graphics/trig.sty
Package: trig 1999/03/16 v1.09 sin cos tan (DPC)
)
(/usr/local/teTeX/share/texmf.tetex/tex/latex/graphics/graphics.cfg
File: graphics.cfg 2005/02/03 v1.3 graphics configuration of teTeX/TeXLive
)
Package graphics Info: Driver file: pdftex.def on input line 80.

(/usr/local/teTeX/share/texmf.tetex/tex/latex/graphics/pdftex.def
File: pdftex.def 2002/06/19 v0.03k graphics/color for pdftex
\Gread@gobject=\count87
))
\Gin@req@height=\dimen103
\Gin@req@width=\dimen104
)
(/usr/local/teTeX/share/texmf.tetex/tex/latex/amsfonts/amssymb.sty
Package: amssymb 2002/01/22 v2.2d

(/usr/local/teTeX/share/texmf.tetex/tex/latex/amsfonts/amsfonts.sty
Package: amsfonts 2001/10/25 v2.2f
\@emptytoks=\toks15
\symAMSa=\mathgroup5
\symAMSb=\mathgroup6
LaTeX Font Info:    Overwriting math alphabet `\mathfrak' in version `bold'
(Font)                  U/euf/m/n --> U/euf/b/n on input line 132.
))
(/Users/goldston/Library/texmf/tex/latex/natbib.sty
Package: natbib 1998/07/14 6.8c (PWD)
\bibhang=\skip43
\bibsep=\skip44
LaTeX Info: Redefining \cite on input line 467.
\c@NAT@ctr=\count88
)
(/usr/local/teTeX/share/texmf.tetex/tex/latex/tools/verbatim.sty
Package: verbatim 2003/08/22 v1.5q LaTeX2e package for verbatim enhancements
\every@verbatim=\toks16
\verbatim@line=\toks17
\verbatim@in@stream=\read1
)
\@slugcmmntwidth=\dimen105
\abstract@box=\box26
\c@editornote=\count89
\c@cureqno=\count90
\pt@box=\box27
\pt@width=\dimen106
\pt@line=\count91
\pt@column=\count92
\pt@nlines=\count93
\pt@ncol=\count94
\pt@page=\count95
\pt@tmpcapwidth=\dimen107
\c@plate=\count96
)

LaTeX Warning: Unused global option(s):
    [psfig].

(./gsrinit_blackbelt.aux)
\openout1 = `gsrinit_blackbelt.aux'.

LaTeX Font Info:    Checking defaults for OML/cmm/m/it on input line 3.
LaTeX Font Info:    ... okay on input line 3.
LaTeX Font Info:    Checking defaults for T1/cmr/m/n on input line 3.
LaTeX Font Info:    ... okay on input line 3.
LaTeX Font Info:    Checking defaults for OT1/cmr/m/n on input line 3.
LaTeX Font Info:    ... okay on input line 3.
LaTeX Font Info:    Checking defaults for OMS/cmsy/m/n on input line 3.
LaTeX Font Info:    ... okay on input line 3.
LaTeX Font Info:    Checking defaults for OMX/cmex/m/n on input line 3.
LaTeX Font Info:    ... okay on input line 3.
LaTeX Font Info:    Checking defaults for U/cmr/m/n on input line 3.
LaTeX Font Info:    ... okay on input line 3.

(/usr/local/teTeX/share/texmf.tetex/tex/context/base/supp-pdf.tex
(/usr/local/teTeX/share/texmf.tetex/tex/context/base/supp-mis.tex
loading : Context Support Macros / Miscellaneous (2004.10.26)
\protectiondepth=\count97
\scratchcounter=\count98
\scratchtoks=\toks18
\scratchdimen=\dimen108
\scratchskip=\skip45
\scratchmuskip=\muskip10
\scratchbox=\box28
\scratchread=\read2
\scratchwrite=\write3
\zeropoint=\dimen109
\onepoint=\dimen110
\onebasepoint=\dimen111
\minusone=\count99
\thousandpoint=\dimen112
\onerealpoint=\dimen113
\emptytoks=\toks19
\nextbox=\box29
\nextdepth=\dimen114
\everyline=\toks20
\!!counta=\count100
\!!countb=\count101
\recursecounter=\count102
)
loading : Context Support Macros / PDF (2004.03.26)
\nofMPsegments=\count103
\nofMParguments=\count104
\MPscratchCnt=\count105
\MPscratchDim=\dimen115
\MPnumerator=\count106
\everyMPtoPDFconversion=\toks21
)
AAS preprint substyle, v5.0 <25 Sep 98>.
(./gsrinit_blackbelt.toc
LaTeX Font Info:    Try loading font information for U+lasy on input line 2.

(/usr/local/teTeX/share/texmf.tetex/tex/latex/base/ulasy.fd
File: ulasy.fd 1998/08/17 v2.2e LaTeX symbol font definitions
)
LaTeX Font Info:    Try loading font information for U+msa on input line 2.

(/usr/local/teTeX/share/texmf.tetex/tex/latex/amsfonts/umsa.fd
File: umsa.fd 2002/01/19 v2.2g AMS font definitions
)
LaTeX Font Info:    Try loading font information for U+msb on input line 2.

(/usr/local/teTeX/share/texmf.tetex/tex/latex/amsfonts/umsb.fd
File: umsb.fd 2002/01/19 v2.2g AMS font definitions
)
Overfull \hbox (5.11545pt too wide) in paragraph at lines 15--15
 [] [] \OT1/cmr/bx/n/10.95 OB-TAIN-ING THE BASELINE-SUBTRACTED SPEC-TRA: DE-TAI
LS OF THE 
 []

)
\tf@toc=\write4
\openout4 = `gsrinit_blackbelt.toc'.

 [1

{/usr/local/teTeX/share/texmf.local/fonts/map/pdftex/updmap/pdftex.map}]
[2]
Overfull \hbox (12.73341pt too wide) in paragraph at lines 130--132
[]\OT1/cmr/m/n/10.95 The []\OT1/cmtt/m/n/10.95 mh \OT1/cmr/m/n/10.95 struc-ture
 is de-fined by []\OT1/cmtt/m/n/10.95 mhdefine.pro\OT1/cmr/m/n/10.95 . The im-p
or-tant val-ues are cal-cu-lated in []\OT1/cmtt/m/n/10.95 m1_hdr.pro\OT1/cmr/m/
n/10.95 .
 []

[3]
Overfull \hbox (7.41896pt too wide) in paragraph at lines 146--147
[][]\OT1/cmtt/m/n/10.95 lstmeanstamp \OT1/cmr/m/n/10.95 and []\OT1/cmtt/m/n/10.
95 lstappstamp\OT1/cmr/m/n/10.95 , the mean and ap-par-ent LST for the par-tic-
u-lar []\OT1/cmtt/m/n/10.95 utcstamp\OT1/cmr/m/n/10.95 . 
 []

[4] [5]

LaTeX Warning: Reference `sawtooth' on page 6 undefined on input line 263.

[6]
LaTeX Font Info:    Try loading font information for OMS+cmr on input line 347.

 (/usr/local/teTeX/share/texmf.tetex/tex/latex/base/omscmr.fd
File: omscmr.fd 1999/05/25 v2.5h Standard LaTeX font definitions
)
LaTeX Font Info:    Font shape `OMS/cmr/m/n' in size <10.95> not available
(Font)              Font shape `OMS/cmsy/m/n' tried instead on input line 347.
 [7] [8]
LaTeX Font Info:    Font shape `U/lasy/b/n' in size <8> not available
(Font)              Font shape `U/lasy/m/n' tried instead on input line 451.
LaTeX Font Info:    Font shape `U/lasy/b/n' in size <6> not available
(Font)              Font shape `U/lasy/m/n' tried instead on input line 451.

[9] [10] [11] (./gsrinit_blackbelt.aux)

LaTeX Warning: There were undefined references.

 ) 
Here is how much of TeX's memory you used:
 2019 strings out of 95137
 23885 string characters out of 1183014
 2067819 words of memory out of 4522654
 5150 multiletter control sequences out of 10000+50000
 15021 words of font info for 60 fonts, out of 2000000 for 2000
 58 hyphenation exceptions out of 5000
 32i,8n,26p,258b,227s stack positions out of 5000i,500n,6000p,200000b,40000s
PDF statistics:
 86 PDF objects out of 300000
 0 named destinations out of 131072
 1 words of extra memory for PDF output out of 10000
</usr/local/teTeX/share/texmf.tetex/fonts/type1/bluesky/cmextra/cmmib7.pfb></
usr/local/teTeX/share/texmf.tetex/fonts/type1/bluesky/cm/cmbsy10.pfb></usr/loca
l/teTeX/share/texmf.tetex/fonts/type1/bluesky/cm/cmmib10.pfb></usr/local/teTeX/
share/texmf.tetex/fonts/type1/bluesky/cm/cmbx8.pfb></usr/local/teTeX/share/texm
f.tetex/fonts/type1/bluesky/cm/cmex10.pfb></usr/local/teTeX/share/texmf.tetex/f
onts/type1/bluesky/cm/cmr9.pfb></usr/local/teTeX/share/texmf.tetex/fonts/type1/
bluesky/cm/cmr6.pfb></usr/local/teTeX/share/texmf.tetex/fonts/type1/bluesky/cm/
cmsy8.pfb></usr/local/teTeX/share/texmf.tetex/fonts/type1/bluesky/cm/cmmi8.pfb>
</usr/local/teTeX/share/texmf.tetex/fonts/type1/bluesky/cm/cmr8.pfb></usr/local
/teTeX/share/texmf.tetex/fonts/type1/bluesky/cm/cmsy10.pfb></usr/local/teTeX/sh
are/texmf.tetex/fonts/type1/bluesky/cm/cmtt10.pfb></usr/local/teTeX/share/texmf
.tetex/fonts/type1/bluesky/cm/cmti10.pfb></usr/local/teTeX/share/texmf.tetex/fo
nts/type1/bluesky/cm/cmmi10.pfb></usr/local/teTeX/share/texmf.tetex/fonts/type1
/bluesky/cm/cmbx10.pfb></usr/local/teTeX/share/texmf.tetex/fonts/type1/bluesky/
cm/cmr10.pfb></usr/local/teTeX/share/texmf.tetex/fonts/type1/bluesky/cm/cmbx12.
pfb>
Output written on gsrinit_blackbelt.pdf (11 pages, 134717 bytes).
